Analysis & Synthesis report for FSMtopLevel
Wed Oct 03 07:57:53 2018
Quartus Prime Version 16.0.0 Build 211 04/27/2016 SJ Lite Edition


---------------------
; Table of Contents ;
---------------------
  1. Legal Notice
  2. Analysis & Synthesis Summary
  3. Analysis & Synthesis Settings
  4. Parallel Compilation
  5. Analysis & Synthesis Source Files Read
  6. Analysis & Synthesis Resource Usage Summary
  7. Analysis & Synthesis Resource Utilization by Entity
  8. State Machine - |FSMtopLevel|testeFSM:maqEstados|fstate
  9. General Register Statistics
 10. Port Connectivity Checks: "fluxoDados:fluxo|conversorHex7Seg:display"
 11. Post-Synthesis Netlist Statistics for Top Partition
 12. Elapsed Time Per Partition
 13. Analysis & Synthesis Messages



----------------
; Legal Notice ;
----------------
Copyright (C) 1991-2016 Altera Corporation. All rights reserved.
Your use of Altera Corporation's design tools, logic functions 
and other software and tools, and its AMPP partner logic 
functions, and any output files from any of the foregoing 
(including device programming or simulation files), and any 
associated documentation or information are expressly subject 
to the terms and conditions of the Altera Program License 
Subscription Agreement, the Altera Quartus Prime License Agreement,
the Altera MegaCore Function License Agreement, or other 
applicable license agreement, including, without limitation, 
that your use is for the sole purpose of programming logic 
devices manufactured by Altera and sold by Altera or its 
authorized distributors.  Please refer to the applicable 
agreement for further details.



+----------------------------------------------------------------------------------+
; Analysis & Synthesis Summary                                                     ;
+------------------------------------+---------------------------------------------+
; Analysis & Synthesis Status        ; Successful - Wed Oct 03 07:57:53 2018       ;
; Quartus Prime Version              ; 16.0.0 Build 211 04/27/2016 SJ Lite Edition ;
; Revision Name                      ; FSMtopLevel                                 ;
; Top-level Entity Name              ; FSMtopLevel                                 ;
; Family                             ; Cyclone IV E                                ;
; Total logic elements               ; 17                                          ;
;     Total combinational functions  ; 17                                          ;
;     Dedicated logic registers      ; 4                                           ;
; Total registers                    ; 4                                           ;
; Total pins                         ; 39                                          ;
; Total virtual pins                 ; 0                                           ;
; Total memory bits                  ; 0                                           ;
; Embedded Multiplier 9-bit elements ; 0                                           ;
; Total PLLs                         ; 0                                           ;
+------------------------------------+---------------------------------------------+


+----------------------------------------------------------------------------------------------------------------------+
; Analysis & Synthesis Settings                                                                                        ;
+----------------------------------------------------------------------------+--------------------+--------------------+
; Option                                                                     ; Setting            ; Default Value      ;
+----------------------------------------------------------------------------+--------------------+--------------------+
; Top-level entity name                                                      ; FSMtopLevel        ; FSMtopLevel        ;
; Family name                                                                ; Cyclone IV E       ; Cyclone V          ;
; Use smart compilation                                                      ; Off                ; Off                ;
; Enable parallel Assembler and TimeQuest Timing Analyzer during compilation ; On                 ; On                 ;
; Enable compact report table                                                ; Off                ; Off                ;
; Restructure Multiplexers                                                   ; Auto               ; Auto               ;
; Create Debugging Nodes for IP Cores                                        ; Off                ; Off                ;
; Preserve fewer node names                                                  ; On                 ; On                 ;
; Disable OpenCore Plus hardware evaluation                                  ; Off                ; Off                ;
; Verilog Version                                                            ; Verilog_2001       ; Verilog_2001       ;
; VHDL Version                                                               ; VHDL_1993          ; VHDL_1993          ;
; State Machine Processing                                                   ; Auto               ; Auto               ;
; Safe State Machine                                                         ; Off                ; Off                ;
; Extract Verilog State Machines                                             ; On                 ; On                 ;
; Extract VHDL State Machines                                                ; On                 ; On                 ;
; Ignore Verilog initial constructs                                          ; Off                ; Off                ;
; Iteration limit for constant Verilog loops                                 ; 5000               ; 5000               ;
; Iteration limit for non-constant Verilog loops                             ; 250                ; 250                ;
; Add Pass-Through Logic to Inferred RAMs                                    ; On                 ; On                 ;
; Infer RAMs from Raw Logic                                                  ; On                 ; On                 ;
; Parallel Synthesis                                                         ; On                 ; On                 ;
; DSP Block Balancing                                                        ; Auto               ; Auto               ;
; NOT Gate Push-Back                                                         ; On                 ; On                 ;
; Power-Up Don't Care                                                        ; On                 ; On                 ;
; Remove Redundant Logic Cells                                               ; Off                ; Off                ;
; Remove Duplicate Registers                                                 ; On                 ; On                 ;
; Ignore CARRY Buffers                                                       ; Off                ; Off                ;
; Ignore CASCADE Buffers                                                     ; Off                ; Off                ;
; Ignore GLOBAL Buffers                                                      ; Off                ; Off                ;
; Ignore ROW GLOBAL Buffers                                                  ; Off                ; Off                ;
; Ignore LCELL Buffers                                                       ; Off                ; Off                ;
; Ignore SOFT Buffers                                                        ; On                 ; On                 ;
; Limit AHDL Integers to 32 Bits                                             ; Off                ; Off                ;
; Optimization Technique                                                     ; Balanced           ; Balanced           ;
; Carry Chain Length                                                         ; 70                 ; 70                 ;
; Auto Carry Chains                                                          ; On                 ; On                 ;
; Auto Open-Drain Pins                                                       ; On                 ; On                 ;
; Perform WYSIWYG Primitive Resynthesis                                      ; Off                ; Off                ;
; Auto ROM Replacement                                                       ; On                 ; On                 ;
; Auto RAM Replacement                                                       ; On                 ; On                 ;
; Auto DSP Block Replacement                                                 ; On                 ; On                 ;
; Auto Shift Register Replacement                                            ; Auto               ; Auto               ;
; Allow Shift Register Merging across Hierarchies                            ; Auto               ; Auto               ;
; Auto Clock Enable Replacement                                              ; On                 ; On                 ;
; Strict RAM Replacement                                                     ; Off                ; Off                ;
; Allow Synchronous Control Signals                                          ; On                 ; On                 ;
; Force Use of Synchronous Clear Signals                                     ; Off                ; Off                ;
; Auto RAM Block Balancing                                                   ; On                 ; On                 ;
; Auto RAM to Logic Cell Conversion                                          ; Off                ; Off                ;
; Auto Resource Sharing                                                      ; Off                ; Off                ;
; Allow Any RAM Size For Recognition                                         ; Off                ; Off                ;
; Allow Any ROM Size For Recognition                                         ; Off                ; Off                ;
; Allow Any Shift Register Size For Recognition                              ; Off                ; Off                ;
; Use LogicLock Constraints during Resource Balancing                        ; On                 ; On                 ;
; Ignore translate_off and synthesis_off directives                          ; Off                ; Off                ;
; Timing-Driven Synthesis                                                    ; On                 ; On                 ;
; Report Parameter Settings                                                  ; On                 ; On                 ;
; Report Source Assignments                                                  ; On                 ; On                 ;
; Report Connectivity Checks                                                 ; On                 ; On                 ;
; Ignore Maximum Fan-Out Assignments                                         ; Off                ; Off                ;
; Synchronization Register Chain Length                                      ; 2                  ; 2                  ;
; PowerPlay Power Optimization During Synthesis                              ; Normal compilation ; Normal compilation ;
; HDL message level                                                          ; Level2             ; Level2             ;
; Suppress Register Optimization Related Messages                            ; Off                ; Off                ;
; Number of Removed Registers Reported in Synthesis Report                   ; 5000               ; 5000               ;
; Number of Swept Nodes Reported in Synthesis Report                         ; 5000               ; 5000               ;
; Number of Inverted Registers Reported in Synthesis Report                  ; 100                ; 100                ;
; Clock MUX Protection                                                       ; On                 ; On                 ;
; Auto Gated Clock Conversion                                                ; Off                ; Off                ;
; Block Design Naming                                                        ; Auto               ; Auto               ;
; SDC constraint protection                                                  ; Off                ; Off                ;
; Synthesis Effort                                                           ; Auto               ; Auto               ;
; Shift Register Replacement - Allow Asynchronous Clear Signal               ; On                 ; On                 ;
; Pre-Mapping Resynthesis Optimization                                       ; Off                ; Off                ;
; Analysis & Synthesis Message Level                                         ; Medium             ; Medium             ;
; Disable Register Merging Across Hierarchies                                ; Auto               ; Auto               ;
; Resource Aware Inference For Block RAM                                     ; On                 ; On                 ;
; Synthesis Seed                                                             ; 1                  ; 1                  ;
+----------------------------------------------------------------------------+--------------------+--------------------+


+------------------------------------------+
; Parallel Compilation                     ;
+----------------------------+-------------+
; Processors                 ; Number      ;
+----------------------------+-------------+
; Number detected on machine ; 4           ;
; Maximum allowed            ; 2           ;
;                            ;             ;
; Average used               ; 1.00        ;
; Maximum used               ; 2           ;
;                            ;             ;
; Usage by Processor         ; % Time Used ;
;     Processor 1            ; 100.0%      ;
;     Processor 2            ;   0.0%      ;
+----------------------------+-------------+


+---------------------------------------------------------------------------------------------------------------------------------------------------------------------------------------------------------------------------------------------------------------------------------------------------+
; Analysis & Synthesis Source Files Read                                                                                                                                                                                                                                                            ;
+-------------------------------------------------------------------------------------------------------------------------+-----------------+-----------------+---------------------------------------------------------------------------------------------------------------------------+---------+
; File Name with User-Entered Path                                                                                        ; Used in Netlist ; File Type       ; File Name with Absolute Path                                                                                              ; Library ;
+-------------------------------------------------------------------------------------------------------------------------+-----------------+-----------------+---------------------------------------------------------------------------------------------------------------------------+---------+
; ../../../../OneDrive/Documents/educacao/Insper/insper_6_semester_2017/Design De Computadores/semana3/aula6/testeFSM.vhd ; yes             ; User VHDL File  ; C:/Users/user/OneDrive/Documents/educacao/Insper/insper_6_semester_2017/Design De Computadores/semana3/aula6/testeFSM.vhd ;         ;
; fluxo.vhd                                                                                                               ; yes             ; User VHDL File  ; C:/Users/user/Documents/GitHub/descomp/circuito_maquina_de_estados/fluxo.vhd                                              ;         ;
; conversorHex7Seg.vhd                                                                                                    ; yes             ; User VHDL File  ; C:/Users/user/Documents/GitHub/descomp/circuito_maquina_de_estados/conversorHex7Seg.vhd                                   ;         ;
; FSMtopLevel.vhd                                                                                                         ; yes             ; User VHDL File  ; C:/Users/user/Documents/GitHub/descomp/circuito_maquina_de_estados/FSMtopLevel.vhd                                        ;         ;
+-------------------------------------------------------------------------------------------------------------------------+-----------------+-----------------+---------------------------------------------------------------------------------------------------------------------------+---------+


+------------------------------------------------------------+
; Analysis & Synthesis Resource Usage Summary                ;
+---------------------------------------------+--------------+
; Resource                                    ; Usage        ;
+---------------------------------------------+--------------+
; Estimated Total logic elements              ; 17           ;
;                                             ;              ;
; Total combinational functions               ; 17           ;
; Logic element usage by number of LUT inputs ;              ;
;     -- 4 input functions                    ; 10           ;
;     -- 3 input functions                    ; 3            ;
;     -- <=2 input functions                  ; 4            ;
;                                             ;              ;
; Logic elements by mode                      ;              ;
;     -- normal mode                          ; 17           ;
;     -- arithmetic mode                      ; 0            ;
;                                             ;              ;
; Total registers                             ; 4            ;
;     -- Dedicated logic registers            ; 4            ;
;     -- I/O registers                        ; 0            ;
;                                             ;              ;
; I/O pins                                    ; 39           ;
;                                             ;              ;
; Embedded Multiplier 9-bit elements          ; 0            ;
;                                             ;              ;
; Maximum fan-out node                        ; KEY[0]~input ;
; Maximum fan-out                             ; 12           ;
; Total fan-out                               ; 114          ;
; Average fan-out                             ; 1.15         ;
+---------------------------------------------+--------------+


+-----------------------------------------------------------------------------------------------------------------------------------------------------------------------------------------------------------------------------------------+
; Analysis & Synthesis Resource Utilization by Entity                                                                                                                                                                                     ;
+----------------------------------+-------------------+--------------+-------------+--------------+---------+-----------+------+--------------+--------------------------------------------------------+------------------+--------------+
; Compilation Hierarchy Node       ; LC Combinationals ; LC Registers ; Memory Bits ; DSP Elements ; DSP 9x9 ; DSP 18x18 ; Pins ; Virtual Pins ; Full Hierarchy Name                                    ; Entity Name      ; Library Name ;
+----------------------------------+-------------------+--------------+-------------+--------------+---------+-----------+------+--------------+--------------------------------------------------------+------------------+--------------+
; |FSMtopLevel                     ; 17 (0)            ; 4 (0)        ; 0           ; 0            ; 0       ; 0         ; 39   ; 0            ; |FSMtopLevel                                           ; FSMtopLevel      ; work         ;
;    |fluxoDados:fluxo|            ; 6 (0)             ; 0 (0)        ; 0           ; 0            ; 0       ; 0         ; 0    ; 0            ; |FSMtopLevel|fluxoDados:fluxo                          ; fluxoDados       ; work         ;
;       |conversorHex7Seg:display| ; 6 (6)             ; 0 (0)        ; 0           ; 0            ; 0       ; 0         ; 0    ; 0            ; |FSMtopLevel|fluxoDados:fluxo|conversorHex7Seg:display ; conversorHex7Seg ; work         ;
;    |testeFSM:maqEstados|         ; 11 (11)           ; 4 (4)        ; 0           ; 0            ; 0       ; 0         ; 0    ; 0            ; |FSMtopLevel|testeFSM:maqEstados                       ; testeFSM         ; work         ;
+----------------------------------+-------------------+--------------+-------------+--------------+---------+-----------+------+--------------+--------------------------------------------------------+------------------+--------------+
Note: For table entries with two numbers listed, the numbers in parentheses indicate the number of resources of the given type used by the specific entity alone. The numbers listed outside of parentheses indicate the total resources of the given type used by the specific entity and all of its sub-entities in the hierarchy.


Encoding Type:  One-Hot
+-------------------------------------------------------------------------------+
; State Machine - |FSMtopLevel|testeFSM:maqEstados|fstate                       ;
+---------------+---------------+---------------+---------------+---------------+
; Name          ; fstate.state3 ; fstate.state2 ; fstate.state1 ; fstate.state0 ;
+---------------+---------------+---------------+---------------+---------------+
; fstate.state0 ; 0             ; 0             ; 0             ; 0             ;
; fstate.state1 ; 0             ; 0             ; 1             ; 1             ;
; fstate.state2 ; 0             ; 1             ; 0             ; 1             ;
; fstate.state3 ; 1             ; 0             ; 0             ; 1             ;
+---------------+---------------+---------------+---------------+---------------+


+------------------------------------------------------+
; General Register Statistics                          ;
+----------------------------------------------+-------+
; Statistic                                    ; Value ;
+----------------------------------------------+-------+
; Total registers                              ; 4     ;
; Number of registers using Synchronous Clear  ; 0     ;
; Number of registers using Synchronous Load   ; 0     ;
; Number of registers using Asynchronous Clear ; 0     ;
; Number of registers using Asynchronous Load  ; 0     ;
; Number of registers using Clock Enable       ; 0     ;
; Number of registers using Preset             ; 0     ;
+----------------------------------------------+-------+


+-----------------------------------------------------------------------+
; Port Connectivity Checks: "fluxoDados:fluxo|conversorHex7Seg:display" ;
+----------+-------+----------+-----------------------------------------+
; Port     ; Type  ; Severity ; Details                                 ;
+----------+-------+----------+-----------------------------------------+
; apaga    ; Input ; Info     ; Stuck at GND                            ;
; negativo ; Input ; Info     ; Stuck at GND                            ;
; overflow ; Input ; Info     ; Stuck at GND                            ;
+----------+-------+----------+-----------------------------------------+


+-----------------------------------------------------+
; Post-Synthesis Netlist Statistics for Top Partition ;
+-----------------------+-----------------------------+
; Type                  ; Count                       ;
+-----------------------+-----------------------------+
; boundary_port         ; 39                          ;
; cycloneiii_ff         ; 4                           ;
;     plain             ; 4                           ;
; cycloneiii_lcell_comb ; 24                          ;
;     normal            ; 24                          ;
;         0 data inputs ; 1                           ;
;         1 data inputs ; 6                           ;
;         2 data inputs ; 4                           ;
;         3 data inputs ; 3                           ;
;         4 data inputs ; 10                          ;
;                       ;                             ;
; Max LUT depth         ; 3.00                        ;
; Average LUT depth     ; 2.06                        ;
+-----------------------+-----------------------------+


+-------------------------------+
; Elapsed Time Per Partition    ;
+----------------+--------------+
; Partition Name ; Elapsed Time ;
+----------------+--------------+
; Top            ; 00:00:01     ;
+----------------+--------------+


+-------------------------------+
; Analysis & Synthesis Messages ;
+-------------------------------+
Info: *******************************************************************
Info: Running Quartus Prime Analysis & Synthesis
    Info: Version 16.0.0 Build 211 04/27/2016 SJ Lite Edition
    Info: Processing started: Wed Oct 03 07:57:27 2018
Info: Command: quartus_map --read_settings_files=on --write_settings_files=off FSMtopLevel -c FSMtopLevel
Warning (18236): Number of processors has not been specified which may cause overloading on shared machines.  Set the global assignment NUM_PARALLEL_PROCESSORS in your QSF to an appropriate value for best performance.
Info (20030): Parallel compilation is enabled and will use 2 of the 2 processors detected
Info (12021): Found 2 design units, including 1 entities, in source file /users/user/onedrive/documents/educacao/insper/insper_6_semester_2017/design de computadores/semana3/aula6/testefsm.vhd
    Info (12022): Found design unit 1: testeFSM-BEHAVIOR File: C:/Users/user/OneDrive/Documents/educacao/Insper/insper_6_semester_2017/Design De Computadores/semana3/aula6/testeFSM.vhd Line: 33
    Info (12023): Found entity 1: testeFSM File: C:/Users/user/OneDrive/Documents/educacao/Insper/insper_6_semester_2017/Design De Computadores/semana3/aula6/testeFSM.vhd Line: 22
Info (12021): Found 2 design units, including 1 entities, in source file fluxo.vhd
    Info (12022): Found design unit 1: fluxoDados-teste File: C:/Users/user/Documents/GitHub/descomp/circuito_maquina_de_estados/fluxo.vhd Line: 11
    Info (12023): Found entity 1: fluxoDados File: C:/Users/user/Documents/GitHub/descomp/circuito_maquina_de_estados/fluxo.vhd Line: 4
Info (12021): Found 2 design units, including 1 entities, in source file conversorhex7seg.vhd
    Info (12022): Found design unit 1: conversorHex7Seg-comportamento File: C:/Users/user/Documents/GitHub/descomp/circuito_maquina_de_estados/conversorHex7Seg.vhd Line: 17
    Info (12023): Found entity 1: conversorHex7Seg File: C:/Users/user/Documents/GitHub/descomp/circuito_maquina_de_estados/conversorHex7Seg.vhd Line: 4
Info (12021): Found 3 design units, including 1 entities, in source file edgedetector.vhd
    Info (12022): Found design unit 1: edgeDetector-bordaSubida File: C:/Users/user/Documents/GitHub/descomp/circuito_maquina_de_estados/edgeDetector.vhd Line: 10
    Info (12022): Found design unit 2: edgeDetector-bordaDescida File: C:/Users/user/Documents/GitHub/descomp/circuito_maquina_de_estados/edgeDetector.vhd Line: 23
    Info (12023): Found entity 1: edgeDetector File: C:/Users/user/Documents/GitHub/descomp/circuito_maquina_de_estados/edgeDetector.vhd Line: 4
Info (12021): Found 2 design units, including 1 entities, in source file fsmtoplevel.vhd
    Info (12022): Found design unit 1: FSMtopLevel-teste File: C:/Users/user/Documents/GitHub/descomp/circuito_maquina_de_estados/FSMtopLevel.vhd Line: 18
    Info (12023): Found entity 1: FSMtopLevel File: C:/Users/user/Documents/GitHub/descomp/circuito_maquina_de_estados/FSMtopLevel.vhd Line: 4
Info (12127): Elaborating entity "FSMtopLevel" for the top level hierarchy
Warning (10540): VHDL Signal Declaration warning at FSMtopLevel.vhd(12): used explicit default value for signal "LEDR" because signal was never assigned a value File: C:/Users/user/Documents/GitHub/descomp/circuito_maquina_de_estados/FSMtopLevel.vhd Line: 12
Info (12128): Elaborating entity "testeFSM" for hierarchy "testeFSM:maqEstados" File: C:/Users/user/Documents/GitHub/descomp/circuito_maquina_de_estados/FSMtopLevel.vhd Line: 48
Info (12128): Elaborating entity "fluxoDados" for hierarchy "fluxoDados:fluxo" File: C:/Users/user/Documents/GitHub/descomp/circuito_maquina_de_estados/FSMtopLevel.vhd Line: 56
Info (12128): Elaborating entity "conversorHex7Seg" for hierarchy "fluxoDados:fluxo|conversorHex7Seg:display" File: C:/Users/user/Documents/GitHub/descomp/circuito_maquina_de_estados/fluxo.vhd Line: 15
Warning (13024): Output pins are stuck at VCC or GND
    Warning (13410): Pin "LEDR[0]" is stuck at GND File: C:/Users/user/Documents/GitHub/descomp/circuito_maquina_de_estados/FSMtopLevel.vhd Line: 12
    Warning (13410): Pin "LEDR[1]" is stuck at GND File: C:/Users/user/Documents/GitHub/descomp/circuito_maquina_de_estados/FSMtopLevel.vhd Line: 12
    Warning (13410): Pin "LEDR[2]" is stuck at GND File: C:/Users/user/Documents/GitHub/descomp/circuito_maquina_de_estados/FSMtopLevel.vhd Line: 12
    Warning (13410): Pin "LEDR[3]" is stuck at GND File: C:/Users/user/Documents/GitHub/descomp/circuito_maquina_de_estados/FSMtopLevel.vhd Line: 12
    Warning (13410): Pin "LEDR[4]" is stuck at GND File: C:/Users/user/Documents/GitHub/descomp/circuito_maquina_de_estados/FSMtopLevel.vhd Line: 12
    Warning (13410): Pin "LEDR[5]" is stuck at GND File: C:/Users/user/Documents/GitHub/descomp/circuito_maquina_de_estados/FSMtopLevel.vhd Line: 12
    Warning (13410): Pin "LEDR[6]" is stuck at GND File: C:/Users/user/Documents/GitHub/descomp/circuito_maquina_de_estados/FSMtopLevel.vhd Line: 12
    Warning (13410): Pin "LEDR[7]" is stuck at GND File: C:/Users/user/Documents/GitHub/descomp/circuito_maquina_de_estados/FSMtopLevel.vhd Line: 12
    Warning (13410): Pin "LEDR[8]" is stuck at GND File: C:/Users/user/Documents/GitHub/descomp/circuito_maquina_de_estados/FSMtopLevel.vhd Line: 12
    Warning (13410): Pin "LEDR[9]" is stuck at GND File: C:/Users/user/Documents/GitHub/descomp/circuito_maquina_de_estados/FSMtopLevel.vhd Line: 12
    Warning (13410): Pin "LEDR[10]" is stuck at GND File: C:/Users/user/Documents/GitHub/descomp/circuito_maquina_de_estados/FSMtopLevel.vhd Line: 12
    Warning (13410): Pin "LEDR[11]" is stuck at GND File: C:/Users/user/Documents/GitHub/descomp/circuito_maquina_de_estados/FSMtopLevel.vhd Line: 12
    Warning (13410): Pin "LEDR[12]" is stuck at GND File: C:/Users/user/Documents/GitHub/descomp/circuito_maquina_de_estados/FSMtopLevel.vhd Line: 12
    Warning (13410): Pin "LEDR[13]" is stuck at GND File: C:/Users/user/Documents/GitHub/descomp/circuito_maquina_de_estados/FSMtopLevel.vhd Line: 12
    Warning (13410): Pin "LEDR[14]" is stuck at GND File: C:/Users/user/Documents/GitHub/descomp/circuito_maquina_de_estados/FSMtopLevel.vhd Line: 12
    Warning (13410): Pin "LEDR[15]" is stuck at GND File: C:/Users/user/Documents/GitHub/descomp/circuito_maquina_de_estados/FSMtopLevel.vhd Line: 12
    Warning (13410): Pin "LEDR[16]" is stuck at GND File: C:/Users/user/Documents/GitHub/descomp/circuito_maquina_de_estados/FSMtopLevel.vhd Line: 12
    Warning (13410): Pin "LEDR[17]" is stuck at GND File: C:/Users/user/Documents/GitHub/descomp/circuito_maquina_de_estados/FSMtopLevel.vhd Line: 12
    Warning (13410): Pin "LEDG[4]" is stuck at GND File: C:/Users/user/Documents/GitHub/descomp/circuito_maquina_de_estados/FSMtopLevel.vhd Line: 13
    Warning (13410): Pin "LEDG[5]" is stuck at GND File: C:/Users/user/Documents/GitHub/descomp/circuito_maquina_de_estados/FSMtopLevel.vhd Line: 13
    Warning (13410): Pin "LEDG[6]" is stuck at GND File: C:/Users/user/Documents/GitHub/descomp/circuito_maquina_de_estados/FSMtopLevel.vhd Line: 13
    Warning (13410): Pin "LEDG[7]" is stuck at GND File: C:/Users/user/Documents/GitHub/descomp/circuito_maquina_de_estados/FSMtopLevel.vhd Line: 13
    Warning (13410): Pin "LEDG[8]" is stuck at GND File: C:/Users/user/Documents/GitHub/descomp/circuito_maquina_de_estados/FSMtopLevel.vhd Line: 13
    Warning (13410): Pin "HEX0[1]" is stuck at GND File: C:/Users/user/Documents/GitHub/descomp/circuito_maquina_de_estados/FSMtopLevel.vhd Line: 14
Info (286030): Timing-Driven Synthesis is running
Info (16010): Generating hard_block partition "hard_block:auto_generated_inst"
    Info (16011): Adding 0 node(s), including 0 DDIO, 0 PLL, 0 transceiver and 0 LCELL
Info (21057): Implemented 56 device resources after synthesis - the final resource count might be different
    Info (21058): Implemented 5 input pins
    Info (21059): Implemented 34 output pins
    Info (21061): Implemented 17 logic cells
Info: Quartus Prime Analysis & Synthesis was successful. 0 errors, 27 warnings
    Info: Peak virtual memory: 5025 megabytes
    Info: Processing ended: Wed Oct 03 07:57:53 2018
    Info: Elapsed time: 00:00:26
    Info: Total CPU time (on all processors): 00:00:47


