Analysis & Synthesis report for ula
Thu Sep 27 08:53:59 2018
Quartus Prime Version 16.0.0 Build 211 04/27/2016 SJ Lite Edition


---------------------
; Table of Contents ;
---------------------
  1. Legal Notice
  2. Analysis & Synthesis Summary
  3. Analysis & Synthesis Settings
  4. Parallel Compilation
  5. Analysis & Synthesis Source Files Read
  6. Analysis & Synthesis Resource Usage Summary
  7. Analysis & Synthesis Resource Utilization by Entity
  8. General Register Statistics
  9. Parameter Settings for User Entity Instance: registrador:REG_SAIDA
 10. Parameter Settings for User Entity Instance: registrador:REG_ENTRADA
 11. Post-Synthesis Netlist Statistics for Top Partition
 12. Elapsed Time Per Partition
 13. Analysis & Synthesis Messages



----------------
; Legal Notice ;
----------------
Copyright (C) 1991-2016 Altera Corporation. All rights reserved.
Your use of Altera Corporation's design tools, logic functions 
and other software and tools, and its AMPP partner logic 
functions, and any output files from any of the foregoing 
(including device programming or simulation files), and any 
associated documentation or information are expressly subject 
to the terms and conditions of the Altera Program License 
Subscription Agreement, the Altera Quartus Prime License Agreement,
the Altera MegaCore Function License Agreement, or other 
applicable license agreement, including, without limitation, 
that your use is for the sole purpose of programming logic 
devices manufactured by Altera and sold by Altera or its 
authorized distributors.  Please refer to the applicable 
agreement for further details.



+----------------------------------------------------------------------------------+
; Analysis & Synthesis Summary                                                     ;
+------------------------------------+---------------------------------------------+
; Analysis & Synthesis Status        ; Successful - Thu Sep 27 08:53:59 2018       ;
; Quartus Prime Version              ; 16.0.0 Build 211 04/27/2016 SJ Lite Edition ;
; Revision Name                      ; ula                                         ;
; Top-level Entity Name              ; circuito_combinacional                      ;
; Family                             ; Cyclone IV E                                ;
; Total logic elements               ; 0                                           ;
;     Total combinational functions  ; 0                                           ;
;     Dedicated logic registers      ; 0                                           ;
; Total registers                    ; 0                                           ;
; Total pins                         ; 17                                          ;
; Total virtual pins                 ; 0                                           ;
; Total memory bits                  ; 0                                           ;
; Embedded Multiplier 9-bit elements ; 0                                           ;
; Total PLLs                         ; 0                                           ;
+------------------------------------+---------------------------------------------+


+--------------------------------------------------------------------------------------------------------------------------+
; Analysis & Synthesis Settings                                                                                            ;
+----------------------------------------------------------------------------+------------------------+--------------------+
; Option                                                                     ; Setting                ; Default Value      ;
+----------------------------------------------------------------------------+------------------------+--------------------+
; Top-level entity name                                                      ; circuito_combinacional ; ula                ;
; Family name                                                                ; Cyclone IV E           ; Cyclone V          ;
; Use smart compilation                                                      ; Off                    ; Off                ;
; Enable parallel Assembler and TimeQuest Timing Analyzer during compilation ; On                     ; On                 ;
; Enable compact report table                                                ; Off                    ; Off                ;
; Restructure Multiplexers                                                   ; Auto                   ; Auto               ;
; Create Debugging Nodes for IP Cores                                        ; Off                    ; Off                ;
; Preserve fewer node names                                                  ; On                     ; On                 ;
; Disable OpenCore Plus hardware evaluation                                  ; Off                    ; Off                ;
; Verilog Version                                                            ; Verilog_2001           ; Verilog_2001       ;
; VHDL Version                                                               ; VHDL_1993              ; VHDL_1993          ;
; State Machine Processing                                                   ; Auto                   ; Auto               ;
; Safe State Machine                                                         ; Off                    ; Off                ;
; Extract Verilog State Machines                                             ; On                     ; On                 ;
; Extract VHDL State Machines                                                ; On                     ; On                 ;
; Ignore Verilog initial constructs                                          ; Off                    ; Off                ;
; Iteration limit for constant Verilog loops                                 ; 5000                   ; 5000               ;
; Iteration limit for non-constant Verilog loops                             ; 250                    ; 250                ;
; Add Pass-Through Logic to Inferred RAMs                                    ; On                     ; On                 ;
; Infer RAMs from Raw Logic                                                  ; On                     ; On                 ;
; Parallel Synthesis                                                         ; On                     ; On                 ;
; DSP Block Balancing                                                        ; Auto                   ; Auto               ;
; NOT Gate Push-Back                                                         ; On                     ; On                 ;
; Power-Up Don't Care                                                        ; On                     ; On                 ;
; Remove Redundant Logic Cells                                               ; Off                    ; Off                ;
; Remove Duplicate Registers                                                 ; On                     ; On                 ;
; Ignore CARRY Buffers                                                       ; Off                    ; Off                ;
; Ignore CASCADE Buffers                                                     ; Off                    ; Off                ;
; Ignore GLOBAL Buffers                                                      ; Off                    ; Off                ;
; Ignore ROW GLOBAL Buffers                                                  ; Off                    ; Off                ;
; Ignore LCELL Buffers                                                       ; Off                    ; Off                ;
; Ignore SOFT Buffers                                                        ; On                     ; On                 ;
; Limit AHDL Integers to 32 Bits                                             ; Off                    ; Off                ;
; Optimization Technique                                                     ; Balanced               ; Balanced           ;
; Carry Chain Length                                                         ; 70                     ; 70                 ;
; Auto Carry Chains                                                          ; On                     ; On                 ;
; Auto Open-Drain Pins                                                       ; On                     ; On                 ;
; Perform WYSIWYG Primitive Resynthesis                                      ; Off                    ; Off                ;
; Auto ROM Replacement                                                       ; On                     ; On                 ;
; Auto RAM Replacement                                                       ; On                     ; On                 ;
; Auto DSP Block Replacement                                                 ; On                     ; On                 ;
; Auto Shift Register Replacement                                            ; Auto                   ; Auto               ;
; Allow Shift Register Merging across Hierarchies                            ; Auto                   ; Auto               ;
; Auto Clock Enable Replacement                                              ; On                     ; On                 ;
; Strict RAM Replacement                                                     ; Off                    ; Off                ;
; Allow Synchronous Control Signals                                          ; On                     ; On                 ;
; Force Use of Synchronous Clear Signals                                     ; Off                    ; Off                ;
; Auto RAM Block Balancing                                                   ; On                     ; On                 ;
; Auto RAM to Logic Cell Conversion                                          ; Off                    ; Off                ;
; Auto Resource Sharing                                                      ; Off                    ; Off                ;
; Allow Any RAM Size For Recognition                                         ; Off                    ; Off                ;
; Allow Any ROM Size For Recognition                                         ; Off                    ; Off                ;
; Allow Any Shift Register Size For Recognition                              ; Off                    ; Off                ;
; Use LogicLock Constraints during Resource Balancing                        ; On                     ; On                 ;
; Ignore translate_off and synthesis_off directives                          ; Off                    ; Off                ;
; Timing-Driven Synthesis                                                    ; On                     ; On                 ;
; Report Parameter Settings                                                  ; On                     ; On                 ;
; Report Source Assignments                                                  ; On                     ; On                 ;
; Report Connectivity Checks                                                 ; On                     ; On                 ;
; Ignore Maximum Fan-Out Assignments                                         ; Off                    ; Off                ;
; Synchronization Register Chain Length                                      ; 2                      ; 2                  ;
; PowerPlay Power Optimization During Synthesis                              ; Normal compilation     ; Normal compilation ;
; HDL message level                                                          ; Level2                 ; Level2             ;
; Suppress Register Optimization Related Messages                            ; Off                    ; Off                ;
; Number of Removed Registers Reported in Synthesis Report                   ; 5000                   ; 5000               ;
; Number of Swept Nodes Reported in Synthesis Report                         ; 5000                   ; 5000               ;
; Number of Inverted Registers Reported in Synthesis Report                  ; 100                    ; 100                ;
; Clock MUX Protection                                                       ; On                     ; On                 ;
; Auto Gated Clock Conversion                                                ; Off                    ; Off                ;
; Block Design Naming                                                        ; Auto                   ; Auto               ;
; SDC constraint protection                                                  ; Off                    ; Off                ;
; Synthesis Effort                                                           ; Auto                   ; Auto               ;
; Shift Register Replacement - Allow Asynchronous Clear Signal               ; On                     ; On                 ;
; Pre-Mapping Resynthesis Optimization                                       ; Off                    ; Off                ;
; Analysis & Synthesis Message Level                                         ; Medium                 ; Medium             ;
; Disable Register Merging Across Hierarchies                                ; Auto                   ; Auto               ;
; Resource Aware Inference For Block RAM                                     ; On                     ; On                 ;
; Synthesis Seed                                                             ; 1                      ; 1                  ;
+----------------------------------------------------------------------------+------------------------+--------------------+


+------------------------------------------+
; Parallel Compilation                     ;
+----------------------------+-------------+
; Processors                 ; Number      ;
+----------------------------+-------------+
; Number detected on machine ; 4           ;
; Maximum allowed            ; 2           ;
;                            ;             ;
; Average used               ; 1.00        ;
; Maximum used               ; 1           ;
;                            ;             ;
; Usage by Processor         ; % Time Used ;
;     Processor 1            ; 100.0%      ;
+----------------------------+-------------+


+------------------------------------------------------------------------------------------------------------------------------------------------------------------------------+
; Analysis & Synthesis Source Files Read                                                                                                                                       ;
+-------------------------------------+-----------------+------------------------------------+-----------------------------------------------------------------------+---------+
; File Name with User-Entered Path    ; Used in Netlist ; File Type                          ; File Name with Absolute Path                                          ; Library ;
+-------------------------------------+-----------------+------------------------------------+-----------------------------------------------------------------------+---------+
; ../../Clock_descomp/registrador.vhd ; yes             ; User VHDL File                     ; C:/Users/user/Documents/GitHub/Clock_descomp/registrador.vhd          ;         ;
; ../../Clock_descomp/ula.vhd         ; yes             ; User VHDL File                     ; C:/Users/user/Documents/GitHub/Clock_descomp/ula.vhd                  ;         ;
; circuito_combinacional.bdf          ; yes             ; User Block Diagram/Schematic File  ; C:/Users/user/Documents/GitHub/descomp/ula/circuito_combinacional.bdf ;         ;
+-------------------------------------+-----------------+------------------------------------+-----------------------------------------------------------------------+---------+


+---------------------------------------------------------------+
; Analysis & Synthesis Resource Usage Summary                   ;
+---------------------------------------------+-----------------+
; Resource                                    ; Usage           ;
+---------------------------------------------+-----------------+
;                                             ;                 ;
; Total combinational functions               ; 0               ;
; Logic element usage by number of LUT inputs ;                 ;
;     -- 4 input functions                    ; 0               ;
;     -- 3 input functions                    ; 0               ;
;     -- <=2 input functions                  ; 0               ;
;                                             ;                 ;
; Logic elements by mode                      ;                 ;
;     -- normal mode                          ; 0               ;
;     -- arithmetic mode                      ; 0               ;
;                                             ;                 ;
; Total registers                             ; 0               ;
;     -- Dedicated logic registers            ; 0               ;
;     -- I/O registers                        ; 0               ;
;                                             ;                 ;
; I/O pins                                    ; 17              ;
;                                             ;                 ;
; Embedded Multiplier 9-bit elements          ; 0               ;
;                                             ;                 ;
; Maximum fan-out node                        ; SAIDA[4]~output ;
; Maximum fan-out                             ; 1               ;
; Total fan-out                               ; 17              ;
; Average fan-out                             ; 0.50            ;
+---------------------------------------------+-----------------+


+----------------------------------------------------------------------------------------------------------------------------------------------------------------------------------------------------------+
; Analysis & Synthesis Resource Utilization by Entity                                                                                                                                                      ;
+----------------------------+-------------------+--------------+-------------+--------------+---------+-----------+------+--------------+-------------------------+------------------------+--------------+
; Compilation Hierarchy Node ; LC Combinationals ; LC Registers ; Memory Bits ; DSP Elements ; DSP 9x9 ; DSP 18x18 ; Pins ; Virtual Pins ; Full Hierarchy Name     ; Entity Name            ; Library Name ;
+----------------------------+-------------------+--------------+-------------+--------------+---------+-----------+------+--------------+-------------------------+------------------------+--------------+
; |circuito_combinacional    ; 0 (0)             ; 0 (0)        ; 0           ; 0            ; 0       ; 0         ; 17   ; 0            ; |circuito_combinacional ; circuito_combinacional ; work         ;
+----------------------------+-------------------+--------------+-------------+--------------+---------+-----------+------+--------------+-------------------------+------------------------+--------------+
Note: For table entries with two numbers listed, the numbers in parentheses indicate the number of resources of the given type used by the specific entity alone. The numbers listed outside of parentheses indicate the total resources of the given type used by the specific entity and all of its sub-entities in the hierarchy.


+------------------------------------------------------+
; General Register Statistics                          ;
+----------------------------------------------+-------+
; Statistic                                    ; Value ;
+----------------------------------------------+-------+
; Total registers                              ; 0     ;
; Number of registers using Synchronous Clear  ; 0     ;
; Number of registers using Synchronous Load   ; 0     ;
; Number of registers using Asynchronous Clear ; 0     ;
; Number of registers using Asynchronous Load  ; 0     ;
; Number of registers using Clock Enable       ; 0     ;
; Number of registers using Preset             ; 0     ;
+----------------------------------------------+-------+


+--------------------------------------------------------------------+
; Parameter Settings for User Entity Instance: registrador:REG_SAIDA ;
+----------------+-------+-------------------------------------------+
; Parameter Name ; Value ; Type                                      ;
+----------------+-------+-------------------------------------------+
; vector_size    ; 5     ; Signed Integer                            ;
+----------------+-------+-------------------------------------------+
Note: In order to hide this table in the UI and the text report file, please set the "Show Parameter Settings in Synthesis Report" option in "Analysis and Synthesis Settings -> More Settings" to "Off".


+----------------------------------------------------------------------+
; Parameter Settings for User Entity Instance: registrador:REG_ENTRADA ;
+----------------+-------+---------------------------------------------+
; Parameter Name ; Value ; Type                                        ;
+----------------+-------+---------------------------------------------+
; vector_size    ; 5     ; Signed Integer                              ;
+----------------+-------+---------------------------------------------+
Note: In order to hide this table in the UI and the text report file, please set the "Show Parameter Settings in Synthesis Report" option in "Analysis and Synthesis Settings -> More Settings" to "Off".


+-----------------------------------------------------+
; Post-Synthesis Netlist Statistics for Top Partition ;
+-----------------------+-----------------------------+
; Type                  ; Count                       ;
+-----------------------+-----------------------------+
; boundary_port         ; 17                          ;
; cycloneiii_lcell_comb ; 1                           ;
;     normal            ; 1                           ;
;         0 data inputs ; 1                           ;
;                       ;                             ;
; Max LUT depth         ; 0.00                        ;
; Average LUT depth     ; 0.00                        ;
+-----------------------+-----------------------------+


+-------------------------------+
; Elapsed Time Per Partition    ;
+----------------+--------------+
; Partition Name ; Elapsed Time ;
+----------------+--------------+
; Top            ; 00:00:00     ;
+----------------+--------------+


+-------------------------------+
; Analysis & Synthesis Messages ;
+-------------------------------+
Info: *******************************************************************
Info: Running Quartus Prime Analysis & Synthesis
    Info: Version 16.0.0 Build 211 04/27/2016 SJ Lite Edition
    Info: Processing started: Thu Sep 27 08:53:38 2018
Info: Command: quartus_map --read_settings_files=on --write_settings_files=off ula -c ula
Warning (18236): Number of processors has not been specified which may cause overloading on shared machines.  Set the global assignment NUM_PARALLEL_PROCESSORS in your QSF to an appropriate value for best performance.
Info (20030): Parallel compilation is enabled and will use 2 of the 2 processors detected
Info (12021): Found 2 design units, including 1 entities, in source file /users/user/documents/github/descomp/demux/demux.vhd
    Info (12022): Found design unit 1: demux-demux_arch File: C:/Users/user/Documents/GitHub/descomp/demux/demux.vhd Line: 13
    Info (12023): Found entity 1: demux File: C:/Users/user/Documents/GitHub/descomp/demux/demux.vhd Line: 4
Info (12021): Found 2 design units, including 1 entities, in source file /users/user/documents/github/clock_descomp/registrador.vhd
    Info (12022): Found design unit 1: registrador-reg_arch File: C:/Users/user/Documents/GitHub/Clock_descomp/registrador.vhd Line: 15
    Info (12023): Found entity 1: registrador File: C:/Users/user/Documents/GitHub/Clock_descomp/registrador.vhd Line: 4
Info (12021): Found 2 design units, including 1 entities, in source file /users/user/documents/github/clock_descomp/mux.vhd
    Info (12022): Found design unit 1: mux_6x1-mux_arch File: C:/Users/user/Documents/GitHub/Clock_descomp/mux.vhd Line: 10
    Info (12023): Found entity 1: mux_6x1 File: C:/Users/user/Documents/GitHub/Clock_descomp/mux.vhd Line: 4
Info (12021): Found 2 design units, including 1 entities, in source file /users/user/documents/github/clock_descomp/ula.vhd
    Info (12022): Found design unit 1: ula-Behavioral File: C:/Users/user/Documents/GitHub/Clock_descomp/ula.vhd Line: 14
    Info (12023): Found entity 1: ula File: C:/Users/user/Documents/GitHub/Clock_descomp/ula.vhd Line: 5
Warning (12019): Can't analyze file -- file ula.bdf is missing
Info (12021): Found 1 design units, including 1 entities, in source file circuito_combinacional.bdf
    Info (12023): Found entity 1: circuito_combinacional
Info (12021): Found 2 design units, including 1 entities, in source file comp.vhd
    Info (12022): Found design unit 1: comp-comp File: C:/Users/user/Documents/GitHub/descomp/ula/comp.vhd Line: 13
    Info (12023): Found entity 1: comp File: C:/Users/user/Documents/GitHub/descomp/ula/comp.vhd Line: 5
Info (12127): Elaborating entity "circuito_combinacional" for the top level hierarchy
Warning (275043): Pin "SAIDA[4..0]" is missing source
Info (12128): Elaborating entity "ula" for hierarchy "ula:inst"
Info (12128): Elaborating entity "registrador" for hierarchy "registrador:REG_SAIDA"
Warning (13024): Output pins are stuck at VCC or GND
    Warning (13410): Pin "SAIDA[4]" is stuck at GND
    Warning (13410): Pin "SAIDA[3]" is stuck at GND
    Warning (13410): Pin "SAIDA[2]" is stuck at GND
    Warning (13410): Pin "SAIDA[1]" is stuck at GND
    Warning (13410): Pin "SAIDA[0]" is stuck at GND
Info (16010): Generating hard_block partition "hard_block:auto_generated_inst"
    Info (16011): Adding 0 node(s), including 0 DDIO, 0 PLL, 0 transceiver and 0 LCELL
Warning (21074): Design contains 12 input pin(s) that do not drive logic
    Warning (15610): No output dependent on input pin "CLK"
    Warning (15610): No output dependent on input pin "HABILITA_REG_SAIDA"
    Warning (15610): No output dependent on input pin "RST_REG_SAIDA"
    Warning (15610): No output dependent on input pin "HABILITA_REG_ENTRADA"
    Warning (15610): No output dependent on input pin "RST_REG_ENTRADA"
    Warning (15610): No output dependent on input pin "ENTRADA[4]"
    Warning (15610): No output dependent on input pin "ENTRADA[3]"
    Warning (15610): No output dependent on input pin "ENTRADA[2]"
    Warning (15610): No output dependent on input pin "ENTRADA[1]"
    Warning (15610): No output dependent on input pin "ENTRADA[0]"
    Warning (15610): No output dependent on input pin "OPERACAO[1]"
    Warning (15610): No output dependent on input pin "OPERACAO[0]"
Info (21057): Implemented 17 device resources after synthesis - the final resource count might be different
    Info (21058): Implemented 12 input pins
    Info (21059): Implemented 5 output pins
Info: Quartus Prime Analysis & Synthesis was successful. 0 errors, 22 warnings
    Info: Peak virtual memory: 5023 megabytes
    Info: Processing ended: Thu Sep 27 08:53:59 2018
    Info: Elapsed time: 00:00:21
    Info: Total CPU time (on all processors): 00:00:44


